Arguments: 
  /usr/bin/node /usr/local/bin/yarn add web3-util@1.3.3

PATH: 
  /home/kalyan/anaconda3/bin:/home/kalyan/anaconda3/condabin:/home/kalyan/.local/bin:/usr/local/sbin:/usr/local/bin:/usr/sbin:/usr/bin:/sbin:/bin:/usr/games:/usr/local/games:/snap/bin

Yarn version: 
  1.22.10

Node version: 
  10.19.0

Platform: 
  linux x64

Trace: 
  Error: https://registry.yarnpkg.com/web3-util: Not found
      at Request.params.callback [as _callback] (/usr/local/lib/node_modules/yarn/lib/cli.js:66988:18)
      at Request.self.callback (/usr/local/lib/node_modules/yarn/lib/cli.js:140662:22)
      at Request.emit (events.js:198:13)
      at Request.<anonymous> (/usr/local/lib/node_modules/yarn/lib/cli.js:141634:10)
      at Request.emit (events.js:198:13)
      at IncomingMessage.<anonymous> (/usr/local/lib/node_modules/yarn/lib/cli.js:141556:12)
      at Object.onceWrapper (events.js:286:20)
      at IncomingMessage.emit (events.js:203:15)
      at endReadableNT (_stream_readable.js:1145:12)
      at process._tickCallback (internal/process/next_tick.js:63:19)

npm manifest: 
  {
    "name": "NEPSE_TMS",
    "version": "0.0.1",
    "description": "",
    "main": "truffle.js",
    "directories": {
      "test": "test"
    },
    "scripts": {
      "dev": "lite-server",
      "compile": "truffle compile",
      "migrate": "truffle migrate --reset",
      "deploy-ropsten": "truffle deploy --network ropsten",
      "deploy-binance": "truffle deploy --network binance",
      "deploy-rumsan": "truffle deploy --network rumsanTest --reset"
    },
    "author": "",
    "license": "",
    "devDependencies": {
      "lite-server": "^2.6.1"
    },
    "dependencies": {
      "@truffle/hdwallet-provider": "^1.2.2",
      "dotenv": "^8.2.0",
      "truffle": "^5.1.43",
      "web3": "^1.4.0"
    }
  }

yarn manifest: 
  No manifest

Lockfile: 
  No lockfile
